<?xml version="1.0" encoding="UTF-8"?>
<!-- Generated by org.testng.reporters.JUnitXMLReporter -->
<testsuite hostname="Ishantk-DSG" ignored="4" name="Default test" tests="6" failures="1" timestamp="02 May 2017 11:46:10 GMT" time="43.33" errors="0">
  <testcase name="NavigatetoLead" time="27.529" classname="TestCases.IndividualLead"/>
  <testcase name="createApplicantLeadOnNewStage" time="10.497" classname="TestCases.IndividualLead"/>
  <testcase name="moveLeadToDocCollected" time="5.285" classname="TestCases.IndividualLead">
    <failure type="java.lang.NullPointerException">
      <![CDATA[java.lang.NullPointerException
	at org.openqa.selenium.remote.RemoteWebElement.findElements(RemoteWebElement.java:223)
	at org.openqa.selenium.remote.RemoteWebElement.findElementsByXPath(RemoteWebElement.java:299)
	at org.openqa.selenium.By$ByXPath.findElements(By.java:356)
	at org.openqa.selenium.remote.RemoteWebElement.findElements(RemoteWebElement.java:190)
	at sun.reflect.NativeMethodAccessorImpl.invoke0(Native Method)
	at sun.reflect.NativeMethodAccessorImpl.invoke(Unknown Source)
	at sun.reflect.DelegatingMethodAccessorImpl.invoke(Unknown Source)
	at java.lang.reflect.Method.invoke(Unknown Source)
	at org.openqa.selenium.support.pagefactory.internal.LocatingElementHandler.invoke(LocatingElementHandler.java:51)
	at com.sun.proxy.$Proxy6.findElements(Unknown Source)
	at org.openqa.selenium.support.ui.Select.selectByVisibleText(Select.java:115)
	at aufin.appmethods.com.LeadMethods.selectcustommodule(LeadMethods.java:197)
	at TestCases.IndividualLead.moveLeadToDocCollected(IndividualLead.java:147)
	at sun.reflect.NativeMethodAccessorImpl.invoke0(Native Method)
	at sun.reflect.NativeMethodAccessorImpl.invoke(Unknown Source)
	at sun.reflect.DelegatingMethodAccessorImpl.invoke(Unknown Source)
	at java.lang.reflect.Method.invoke(Unknown Source)
	at org.testng.internal.MethodInvocationHelper.invokeMethod(MethodInvocationHelper.java:104)
	at org.testng.internal.Invoker.invokeMethod(Invoker.java:645)
	at org.testng.internal.Invoker.invokeTestMethod(Invoker.java:851)
	at org.testng.internal.Invoker.invokeTestMethods(Invoker.java:1177)
	at org.testng.internal.TestMethodWorker.invokeTestMethods(TestMethodWorker.java:129)
	at org.testng.internal.TestMethodWorker.run(TestMethodWorker.java:112)
	at org.testng.TestRunner.privateRun(TestRunner.java:756)
	at org.testng.TestRunner.run(TestRunner.java:610)
	at org.testng.SuiteRunner.runTest(SuiteRunner.java:387)
	at org.testng.SuiteRunner.runSequentially(SuiteRunner.java:382)
	at org.testng.SuiteRunner.privateRun(SuiteRunner.java:340)
	at org.testng.SuiteRunner.run(SuiteRunner.java:289)
	at org.testng.SuiteRunnerWorker.runSuite(SuiteRunnerWorker.java:52)
	at org.testng.SuiteRunnerWorker.run(SuiteRunnerWorker.java:86)
	at org.testng.TestNG.runSuitesSequentially(TestNG.java:1293)
	at org.testng.TestNG.runSuitesLocally(TestNG.java:1218)
	at org.testng.TestNG.runSuites(TestNG.java:1133)
	at org.testng.TestNG.run(TestNG.java:1104)
	at org.testng.remote.AbstractRemoteTestNG.run(AbstractRemoteTestNG.java:132)
	at org.testng.remote.RemoteTestNG.initAndRun(RemoteTestNG.java:236)
	at org.testng.remote.RemoteTestNG.main(RemoteTestNG.java:81)
]]>
    </failure>
  </testcase> <!-- moveLeadToDocCollected -->
  <testcase name="FillCOApplicantLayout" time="0.0" classname="TestCases.IndividualLead">
    <skipped/>
  </testcase> <!-- FillCOApplicantLayout -->
  <testcase name="logOutwithCSE" time="0.0" classname="TestCases.IndividualLead">
    <skipped/>
  </testcase> <!-- logOutwithCSE -->
  <testcase name="loginwithbranch" time="0.0" classname="TestCases.IndividualLead">
    <skipped/>
  </testcase> <!-- loginwithbranch -->
  <testcase name="takeactionByBM" time="0.0" classname="TestCases.IndividualLead">
    <ignored/>
  </testcase> <!-- takeactionByBM -->
  <testcase name="LeadtoCustomerDedupe" time="0.0" classname="TestCases.IndividualLead">
    <ignored/>
  </testcase> <!-- LeadtoCustomerDedupe -->
  <testcase name="LeadtoLeadDedupe" time="0.0" classname="TestCases.IndividualLead">
    <ignored/>
  </testcase> <!-- LeadtoLeadDedupe -->
  <testcase name="LeadSearchonHome" time="0.0" classname="TestCases.IndividualLead">
    <ignored/>
  </testcase> <!-- LeadSearchonHome -->
</testsuite> <!-- Default test -->
