<?xml version="1.0" encoding="UTF-8"?>
<!-- Generated by org.testng.reporters.JUnitXMLReporter -->
<testsuite hostname="Ishantk-DSG" ignored="5" name="RLOS LeadHandoff with CLOS" tests="6" failures="0" timestamp="02 May 2017 12:20:14 GMT" time="84.731" errors="0">
  <testcase name="NavigatetoLead" time="6.594" classname="TestCases.IndividualLead"/>
  <testcase name="createApplicantLeadOnNewStage" time="17.361" classname="TestCases.IndividualLead"/>
  <testcase name="moveLeadToDocCollected" time="41.947" classname="TestCases.IndividualLead"/>
  <testcase name="FillCOApplicantLayout" time="16.689" classname="TestCases.IndividualLead"/>
  <testcase name="logOutwithCSE" time="0.335" classname="TestCases.IndividualLead"/>
  <testcase name="loginwithbranch" time="1.784" classname="TestCases.IndividualLead"/>
  <testcase name="takeactionByBM" time="0.0" classname="TestCases.IndividualLead">
    <ignored/>
  </testcase> <!-- takeactionByBM -->
  <testcase name="coapplicantLeadHandoff" time="0.0" classname="TestCases.IndividualLead">
    <ignored/>
  </testcase> <!-- coapplicantLeadHandoff -->
  <testcase name="LeadtoCustomerDedupe" time="0.0" classname="TestCases.IndividualLead">
    <ignored/>
  </testcase> <!-- LeadtoCustomerDedupe -->
  <testcase name="LeadtoLeadDedupe" time="0.0" classname="TestCases.IndividualLead">
    <ignored/>
  </testcase> <!-- LeadtoLeadDedupe -->
  <testcase name="LeadSearchonHome" time="0.0" classname="TestCases.IndividualLead">
    <ignored/>
  </testcase> <!-- LeadSearchonHome -->
</testsuite> <!-- RLOS LeadHandoff with CLOS -->
